TN:
SF:src\components\Form\Button\index.tsx
FN:10,(anonymous_0)
FNF:1
FNH:1
FNDA:4,(anonymous_0)
DA:10,1
DA:11,4
LF:2
LH:2
BRF:0
BRH:0
end_of_record
TN:
SF:src\components\Form\CategorySelectButton\index.tsx
FN:10,(anonymous_0)
FNF:1
FNH:1
FNDA:2,(anonymous_0)
DA:10,1
DA:11,2
LF:2
LH:2
BRF:0
BRH:0
end_of_record
TN:
SF:src\components\Form\Input\index.tsx
FN:9,(anonymous_0)
FNF:1
FNH:1
FNDA:5,(anonymous_0)
DA:9,2
DA:10,5
LF:2
LH:2
BRDA:9,0,0,4
BRF:1
BRH:1
end_of_record
TN:
SF:src\components\Form\InputForm\index.tsx
FN:13,(anonymous_0)
FN:19,(anonymous_1)
FNF:2
FNH:2
FNDA:4,(anonymous_0)
FNDA:4,(anonymous_1)
DA:13,1
DA:14,4
DA:20,4
LF:3
LH:3
BRDA:23,0,0,4
BRDA:23,0,1,0
BRF:2
BRH:1
end_of_record
TN:
SF:src\components\Form\TransactionTypeButton\index.tsx
FN:16,(anonymous_0)
FNF:1
FNH:1
FNDA:4,(anonymous_0)
DA:11,1
DA:16,1
DA:17,4
LF:3
LH:3
BRF:0
BRH:0
end_of_record
TN:
SF:src\components\HighlightCard\index.tsx
FN:25,(anonymous_0)
FNF:1
FNH:0
FNDA:0,(anonymous_0)
DA:19,0
DA:25,0
DA:26,0
LF:3
LH:0
BRF:0
BRH:0
end_of_record
TN:
SF:src\components\HistoryCard\index.tsx
FN:10,(anonymous_0)
FNF:1
FNH:0
FNDA:0,(anonymous_0)
DA:10,0
DA:11,0
LF:2
LH:0
BRF:0
BRH:0
end_of_record
TN:
SF:src\components\SignInSocialButton\index.tsx
FN:11,(anonymous_0)
FNF:1
FNH:0
FNDA:0,(anonymous_0)
DA:11,0
DA:12,0
LF:2
LH:0
BRF:0
BRH:0
end_of_record
TN:
SF:src\components\TransactionCard\index.tsx
FN:26,(anonymous_0)
FN:27,(anonymous_1)
FNF:2
FNH:0
FNDA:0,(anonymous_0)
FNDA:0,(anonymous_1)
DA:26,0
DA:27,0
DA:28,0
LF:3
LH:0
BRDA:33,0,0,0
BRDA:33,0,1,0
BRF:2
BRH:0
end_of_record
TN:
SF:src\hooks\auth.tsx
FN:35,(anonymous_0)
FN:40,(anonymous_1)
FN:74,(anonymous_2)
FN:102,(anonymous_3)
FN:107,(anonymous_4)
FN:108,(anonymous_5)
FN:136,(anonymous_6)
FNF:7
FNH:5
FNDA:7,(anonymous_0)
FNDA:3,(anonymous_1)
FNDA:0,(anonymous_2)
FNDA:0,(anonymous_3)
FNDA:3,(anonymous_4)
FNDA:3,(anonymous_5)
FNDA:9,(anonymous_6)
DA:33,2
DA:35,2
DA:36,7
DA:37,7
DA:38,7
DA:40,7
DA:41,3
DA:42,3
DA:43,3
DA:44,3
DA:45,3
DA:47,3
DA:49,3
DA:53,2
DA:54,1
DA:57,1
DA:59,1
DA:66,1
DA:67,1
DA:70,1
DA:74,7
DA:75,0
DA:76,0
DA:83,0
DA:84,0
DA:85,0
DA:88,0
DA:94,0
DA:95,0
DA:98,0
DA:102,7
DA:103,0
DA:104,0
DA:107,7
DA:108,3
DA:109,3
DA:111,3
DA:112,0
DA:113,0
DA:115,3
DA:118,3
DA:121,7
DA:136,2
DA:137,9
DA:138,9
LF:45
LH:32
BRDA:53,0,0,1
BRDA:53,0,1,1
BRDA:83,1,0,0
BRDA:83,1,1,0
BRDA:111,2,0,0
BRDA:111,2,1,3
BRF:6
BRH:3
end_of_record
TN:
SF:src\routes\app.routes.tsx
FN:14,(anonymous_0)
FN:33,(anonymous_1)
FN:46,(anonymous_2)
FN:55,(anonymous_3)
FNF:4
FNH:0
FNDA:0,(anonymous_0)
FNDA:0,(anonymous_1)
FNDA:0,(anonymous_2)
FNDA:0,(anonymous_3)
DA:10,0
DA:14,0
DA:15,0
DA:16,0
DA:34,0
DA:47,0
DA:56,0
LF:7
LH:0
BRDA:24,0,0,0
BRDA:24,0,1,0
BRF:2
BRH:0
end_of_record
TN:
SF:src\routes\auth.routes.tsx
FN:9,(anonymous_0)
FNF:1
FNH:0
FNDA:0,(anonymous_0)
DA:7,0
DA:9,0
DA:10,0
LF:3
LH:0
BRF:0
BRH:0
end_of_record
TN:
SF:src\routes\index.tsx
FN:7,(anonymous_0)
FNF:1
FNH:0
FNDA:0,(anonymous_0)
DA:7,0
DA:8,0
DA:10,0
LF:3
LH:0
BRDA:12,0,0,0
BRDA:12,0,1,0
BRF:2
BRH:0
end_of_record
TN:
SF:src\screens\CategorySelect\index.tsx
FN:28,(anonymous_0)
FN:33,(anonymous_1)
FN:46,(anonymous_2)
FN:47,(anonymous_3)
FN:49,(anonymous_4)
FN:56,(anonymous_5)
FNF:6
FNH:4
FNDA:2,(anonymous_0)
FNDA:0,(anonymous_1)
FNDA:12,(anonymous_2)
FNDA:12,(anonymous_3)
FNDA:0,(anonymous_4)
FNDA:10,(anonymous_5)
DA:28,1
DA:33,2
DA:34,0
DA:37,2
DA:46,12
DA:48,12
DA:49,0
DA:56,10
LF:8
LH:6
BRF:0
BRH:0
end_of_record
TN:
SF:src\screens\Dashboard\index.tsx
FN:45,(anonymous_0)
FN:55,(anonymous_1)
FN:60,(anonymous_2)
FN:68,(anonymous_3)
FN:80,(anonymous_4)
FN:88,(anonymous_5)
FN:165,(anonymous_6)
FN:170,(anonymous_7)
FN:225,(anonymous_8)
FN:226,(anonymous_9)
FNF:10
FNH:0
FNDA:0,(anonymous_0)
FNDA:0,(anonymous_1)
FNDA:0,(anonymous_2)
FNDA:0,(anonymous_3)
FNDA:0,(anonymous_4)
FNDA:0,(anonymous_5)
FNDA:0,(anonymous_6)
FNDA:0,(anonymous_7)
FNDA:0,(anonymous_8)
FNDA:0,(anonymous_9)
DA:45,0
DA:46,0
DA:47,0
DA:48,0
DA:50,0
DA:51,0
DA:53,0
DA:55,0
DA:59,0
DA:60,0
DA:63,0
DA:65,0
DA:69,0
DA:74,0
DA:80,0
DA:81,0
DA:82,0
DA:84,0
DA:85,0
DA:87,0
DA:89,0
DA:90,0
DA:92,0
DA:95,0
DA:100,0
DA:106,0
DA:116,0
DA:118,0
DA:119,0
DA:123,0
DA:128,0
DA:132,0
DA:162,0
DA:165,0
DA:166,0
DA:169,0
DA:172,0
DA:176,0
DA:225,0
DA:226,0
LF:40
LH:0
BRDA:63,0,0,0
BRDA:63,0,1,0
BRDA:82,1,0,0
BRDA:82,1,1,0
BRDA:89,2,0,0
BRDA:89,2,1,0
BRDA:128,3,0,0
BRDA:128,3,1,0
BRDA:139,4,0,0
BRDA:139,4,1,0
BRDA:149,5,0,0
BRDA:149,5,1,0
BRDA:178,6,0,0
BRDA:178,6,1,0
BRF:14
BRH:0
end_of_record
TN:
SF:src\screens\Profile\index.tsx
FN:6,(anonymous_0)
FN:23,(anonymous_1)
FNF:2
FNH:1
FNDA:3,(anonymous_0)
FNDA:0,(anonymous_1)
DA:6,1
DA:7,3
LF:2
LH:2
BRF:0
BRH:0
end_of_record
TN:
SF:src\screens\Register\index.tsx
FN:42,(anonymous_0)
FN:64,(anonymous_1)
FN:68,(anonymous_2)
FN:72,(anonymous_3)
FN:76,(anonymous_4)
FN:136,(anonymous_5)
FN:142,(anonymous_6)
FNF:7
FNH:2
FNDA:2,(anonymous_0)
FNDA:0,(anonymous_1)
FNDA:1,(anonymous_2)
FNDA:0,(anonymous_3)
FNDA:0,(anonymous_4)
FNDA:0,(anonymous_5)
FNDA:0,(anonymous_6)
DA:32,1
DA:42,1
DA:43,2
DA:44,2
DA:45,2
DA:49,2
DA:50,2
DA:52,2
DA:53,2
DA:60,2
DA:64,2
DA:65,0
DA:68,2
DA:69,1
DA:72,2
DA:73,0
DA:76,2
DA:77,0
DA:78,0
DA:79,0
DA:81,0
DA:90,0
DA:91,0
DA:92,0
DA:93,0
DA:94,0
DA:96,0
DA:97,0
DA:98,0
DA:99,0
DA:101,0
DA:103,0
DA:107,2
DA:136,0
DA:142,0
LF:35
LH:16
BRDA:77,0,0,0
BRDA:77,0,1,0
BRDA:78,1,0,0
BRDA:78,1,1,0
BRDA:92,2,0,0
BRDA:92,2,1,0
BRDA:122,3,0,2
BRDA:122,3,1,0
BRDA:129,4,0,2
BRDA:129,4,1,0
BRF:10
BRH:2
end_of_record
TN:
SF:src\screens\Resume\index.tsx
FN:46,(anonymous_0)
FN:56,(anonymous_1)
FN:67,(anonymous_2)
FN:75,(anonymous_3)
FN:82,(anonymous_4)
FN:90,(anonymous_5)
FN:93,(anonymous_6)
FN:125,(anonymous_7)
FN:149,(anonymous_8)
FN:155,(anonymous_9)
FN:163,(anonymous_10)
FN:177,(anonymous_11)
FNF:12
FNH:0
FNDA:0,(anonymous_0)
FNDA:0,(anonymous_1)
FNDA:0,(anonymous_2)
FNDA:0,(anonymous_3)
FNDA:0,(anonymous_4)
FNDA:0,(anonymous_5)
FNDA:0,(anonymous_6)
FNDA:0,(anonymous_7)
FNDA:0,(anonymous_8)
FNDA:0,(anonymous_9)
FNDA:0,(anonymous_10)
FNDA:0,(anonymous_11)
DA:46,0
DA:47,0
DA:48,0
DA:49,0
DA:53,0
DA:54,0
DA:56,0
DA:57,0
DA:58,0
DA:59,0
DA:60,0
DA:62,0
DA:63,0
DA:67,0
DA:68,0
DA:70,0
DA:71,0
DA:72,0
DA:74,0
DA:76,0
DA:81,0
DA:83,0
DA:88,0
DA:90,0
DA:91,0
DA:93,0
DA:94,0
DA:95,0
DA:99,0
DA:100,0
DA:105,0
DA:109,0
DA:120,0
DA:121,0
DA:124,0
DA:126,0
DA:130,0
DA:149,0
DA:155,0
DA:163,0
DA:178,0
LF:41
LH:0
BRDA:58,0,0,0
BRDA:58,0,1,0
BRDA:72,1,0,0
BRDA:72,1,1,0
BRDA:76,2,0,0
BRDA:76,2,1,0
BRDA:76,2,2,0
BRDA:94,3,0,0
BRDA:94,3,1,0
BRDA:99,4,0,0
BRDA:99,4,1,0
BRDA:136,5,0,0
BRDA:136,5,1,0
BRF:13
BRH:0
end_of_record
TN:
SF:src\screens\SignIn\index.tsx
FN:22,(anonymous_0)
FN:28,(anonymous_1)
FN:37,(anonymous_2)
FNF:3
FNH:0
FNDA:0,(anonymous_0)
FNDA:0,(anonymous_1)
FNDA:0,(anonymous_2)
DA:22,0
DA:23,0
DA:24,0
DA:26,0
DA:28,0
DA:29,0
DA:30,0
DA:31,0
DA:33,0
DA:34,0
DA:37,0
DA:38,0
DA:39,0
DA:40,0
DA:42,0
DA:43,0
DA:47,0
LF:17
LH:0
BRDA:70,0,0,0
BRDA:70,0,1,0
BRDA:79,1,0,0
BRDA:79,1,1,0
BRF:4
BRH:0
end_of_record
